{
  "stats": {
    "suites": 1,
    "tests": 1,
    "passes": 1,
    "pending": 0,
    "failures": 0,
    "start": "2020-07-09T14:45:26.510Z",
    "end": "2020-07-09T14:45:39.582Z",
    "duration": 13072,
    "testsRegistered": 1,
    "passPercent": 100,
    "pendingPercent": 0,
    "other": 0,
    "hasOther": false,
    "skipped": 0,
    "hasSkipped": false
  },
  "results": [
    {
      "uuid": "aa867f85-1979-4e40-bd83-bf623b669c35",
      "title": "",
      "fullFile": "cypress\\integration\\examples\\06-test-spec.js",
      "file": "cypress\\integration\\examples\\06-test-spec.js",
      "beforeHooks": [],
      "afterHooks": [],
      "tests": [],
      "suites": [
        {
          "uuid": "f895801a-4227-472a-afc2-81e73abe9dfe",
          "title": "My First Test Suite",
          "fullFile": "",
          "file": "",
          "beforeHooks": [],
          "afterHooks": [],
          "tests": [
            {
              "title": "My First Test case",
              "fullTitle": "My First Test Suite My First Test case",
              "timedOut": null,
              "duration": 8967,
              "state": "passed",
              "speed": "slow",
              "pass": true,
              "fail": false,
              "pending": false,
              "context": null,
              "code": "//using environment variables from cypress.json with concatenation\ncy.visit(Cypress.env('url') + \"/AutomationPractice/\"); //mouse overs are not supported by cypress so you must use jquery\n//force:true checks for hidden elements\ncy.get('div.mouse-hover-content').invoke('show');\ncy.contains('Top').click({\n  force: true\n});\ncy.url().should('include', 'top');",
              "err": {},
              "uuid": "0dd48cb1-991f-42a5-8096-da28b10f6914",
              "parentUUID": "f895801a-4227-472a-afc2-81e73abe9dfe",
              "isHook": false,
              "skipped": false
            }
          ],
          "suites": [],
          "passes": [
            "0dd48cb1-991f-42a5-8096-da28b10f6914"
          ],
          "failures": [],
          "pending": [],
          "skipped": [],
          "duration": 8967,
          "root": false,
          "rootEmpty": false,
          "_timeout": 2000
        }
      ],
      "passes": [],
      "failures": [],
      "pending": [],
      "skipped": [],
      "duration": 0,
      "root": true,
      "rootEmpty": true,
      "_timeout": 2000
    }
  ],
  "meta": {
    "mocha": {
      "version": "7.0.1"
    },
    "mochawesome": {
      "options": {
        "quiet": false,
        "reportFilename": "mochawesome",
        "saveHtml": true,
        "saveJson": true,
        "consoleReporter": "spec",
        "useInlineDiffs": false,
        "code": true
      },
      "version": "6.1.1"
    },
    "marge": {
      "options": null,
      "version": "5.1.0"
    }
  }
}